03:39PM on November 01, 2016: lol
09:59AM on November 03, 2016: Unable to process SUBJECT of email <CAGyCkipfzgs6HHZQdMBORSH-CBVMej6OV+ZaNk2QaZjik2Bc1g@mail.gmail.com>
09:59AM on November 03, 2016: Unable to process SUBJECT of email <CAGyCkioQaQxDjKfWPp24-bxFAs7Du0cjXJ=mkVTKukwS1O9mYQ@mail.gmail.com>
10:20AM on November 03, 2016: Unable to process SUBJECT of email <CAGyCkipfzgs6HHZQdMBORSH-CBVMej6OV+ZaNk2QaZjik2Bc1g@mail.gmail.com>
10:20AM on November 03, 2016: Unable to process SUBJECT of email <CAGyCkioQaQxDjKfWPp24-bxFAs7Du0cjXJ=mkVTKukwS1O9mYQ@mail.gmail.com>
10:21AM on November 03, 2016: Unable to process SUBJECT of email <CAGyCkipfzgs6HHZQdMBORSH-CBVMej6OV+ZaNk2QaZjik2Bc1g@mail.gmail.com>
10:21AM on November 03, 2016: Unable to process SUBJECT of email <CAGyCkioQaQxDjKfWPp24-bxFAs7Du0cjXJ=mkVTKukwS1O9mYQ@mail.gmail.com>
10:21AM on November 03, 2016: Unable to process SUBJECT of email <CAGyCkipfzgs6HHZQdMBORSH-CBVMej6OV+ZaNk2QaZjik2Bc1g@mail.gmail.com>
10:21AM on November 03, 2016: Unable to process SUBJECT of email <CAGyCkipfzgs6HHZQdMBORSH-CBVMej6OV+ZaNk2QaZjik2Bc1g@mail.gmail.com>
10:23AM on November 03, 2016: Unable to process SUBJECT of email <CAGyCkioQaQxDjKfWPp24-bxFAs7Du0cjXJ=mkVTKukwS1O9mYQ@mail.gmail.com>
10:25AM on November 03, 2016: Unable to process SUBJECT of email <CAGyCkioQaQxDjKfWPp24-bxFAs7Du0cjXJ=mkVTKukwS1O9mYQ@mail.gmail.com>
10:25AM on November 03, 2016: Unable to process SUBJECT of email <CAGyCkioQaQxDjKfWPp24-bxFAs7Du0cjXJ=mkVTKukwS1O9mYQ@mail.gmail.com>
10:25AM on November 03, 2016: Unable to process SUBJECT of email <CAGyCkioQaQxDjKfWPp24-bxFAs7Du0cjXJ=mkVTKukwS1O9mYQ@mail.gmail.com>
10:29AM on November 03, 2016: Unable to process SUBJECT of email <CAGyCkioQaQxDjKfWPp24-bxFAs7Du0cjXJ=mkVTKukwS1O9mYQ@mail.gmail.com>
10:49AM on November 03, 2016: No emails to process at this time
11:05AM on November 03, 2016: No emails to process at this time
11:13AM on November 03, 2016: No emails to process at this time
11:17AM on November 03, 2016: Unable to process SUBJECT of email <CAGyCkiqt758aPwq92-dSjtQ=NwmwT2MpPFXMKDKcJfGV3SSmzA@mail.gmail.com>
11:18AM on November 03, 2016: Unable to process SUBJECT of email <CAGyCkiqt758aPwq92-dSjtQ=NwmwT2MpPFXMKDKcJfGV3SSmzA@mail.gmail.com>
11:18AM on November 03, 2016: Unable to process SUBJECT of email <CAGyCkiqt758aPwq92-dSjtQ=NwmwT2MpPFXMKDKcJfGV3SSmzA@mail.gmail.com>
11:19AM on November 03, 2016: Unable to process SUBJECT of email <CAGyCkiqt758aPwq92-dSjtQ=NwmwT2MpPFXMKDKcJfGV3SSmzA@mail.gmail.com>
09:40AM on November 04, 2016: hi
09:43AM on November 04, 2016: SUBJECT of email <CAGyCkipeayZVXKhy6-SgZq567C4bD9rttzAGM6LNuNWFA5D5Lw@mail.gmail.com> is formatted incorrectly.
09:47AM on November 04, 2016: No attachment found for email <CAGyCkioj_X-io4826h73fLQnHhm26BtksdEHmS4v599=dZScaA@mail.gmail.com>.
09:51AM on November 04, 2016: Unable to save attachment, submissions/unprocessed/['hey', 'ho'].xlsx, for email <CAGyCkirg=47T-M-DN6KgM81+_7WWjG8+7vgav4s69kXds117gQ@mail.gmail.com>. File already exists.
09:51AM on November 04, 2016: No attachment found for email <CAGyCkirg=47T-M-DN6KgM81+_7WWjG8+7vgav4s69kXds117gQ@mail.gmail.com>.
09:52AM on November 04, 2016: Unable to save attachment, submissions/unprocessed/['hey', 'ho'].xlsx, for email <CAGyCkiqQc_tvtzv1g+0YfGqrNoD1H1H_ZDDgPq6iJ+54LQGtEw@mail.gmail.com>. File already exists.
09:52AM on November 04, 2016: No attachment found for email <CAGyCkiqQc_tvtzv1g+0YfGqrNoD1H1H_ZDDgPq6iJ+54LQGtEw@mail.gmail.com>.
09:53AM on November 04, 2016: Unable to save attachment, submissions/unprocessed/['hey', 'ho'].xlsx, for email <CAGyCkiqQc_tvtzv1g+0YfGqrNoD1H1H_ZDDgPq6iJ+54LQGtEw@mail.gmail.com>. File already exists.
09:53AM on November 04, 2016: No attachment found for email <CAGyCkiqQc_tvtzv1g+0YfGqrNoD1H1H_ZDDgPq6iJ+54LQGtEw@mail.gmail.com>.
09:54AM on November 04, 2016: No attachment found for email <CAGyCkioj_X-io4826h73fLQnHhm26BtksdEHmS4v599=dZScaA@mail.gmail.com>.
07:34PM on November 27, 2016: SUBJECT of email <583b7824.85b4370a.3a1f3.68e6@mx.google.com> is formatted incorrectly.
07:34PM on November 27, 2016: SUBJECT of email <583b784f.8643370a.d1db7.70fe@mx.google.com> is formatted incorrectly.
07:34PM on November 27, 2016: SUBJECT of email <583b79aa.1507370a.81b34.3d42@mx.google.com> is formatted incorrectly.
07:39PM on November 27, 2016: SUBJECT of email <CAGyCkiqnWK6=_3hEvnCYxTb=A+e8oOYrVUjZkwDfMMD1zHbbqg@mail.gmail.com> is formatted incorrectly.
07:40PM on November 27, 2016: SUBJECT of email <CAGyCkipBqR6J00r_XF2TCd_U02FAiOtBO9=b0-3TPKnyOrhu6g@mail.gmail.com> is formatted incorrectly.
07:43PM on November 27, 2016: No attachment found for email <CY1PR0601MB12114D8A6BE6FC0CC071FC75E18A0@CY1PR0601MB1211.namprd06.prod.outlook.com>.
07:47PM on November 27, 2016: SUBJECT of email <583b7dc8.51efe90a.524fc.3623@mx.google.com> is formatted incorrectly.
06:39PM on December 11, 2016: Error with attachment for email <BL2PR02MB4172E4BD22A464ACAE67462DE990@BL2PR02MB417.namprd02.prod.outlook.com>.
06:40PM on December 11, 2016: Error with attachment for email <BL2PR02MB4172E4BD22A464ACAE67462DE990@BL2PR02MB417.namprd02.prod.outlook.com>.
06:42PM on December 11, 2016: Error saving attachment, submissions/unprocessed/9_106.xlsx, for email <BL2PR02MB4172E4BD22A464ACAE67462DE990@BL2PR02MB417.namprd02.prod.outlook.com>. File already exists and/or is not a .xlsx file
06:43PM on December 11, 2016: Error saving attachment, submissions/unprocessed/9_106.xlsx, for email <BL2PR02MB4172E4BD22A464ACAE67462DE990@BL2PR02MB417.namprd02.prod.outlook.com>. File already exists and/or is not a .xlsx file
